\BOOKMARK [1][-]{section.1}{\376\377\127\372\170\100\173\227\154\325}{}% 1
\BOOKMARK [2][-]{subsection.1.1}{\376\377\232\330\174\276\136\246}{section.1}% 2
\BOOKMARK [3][-]{subsubsection.1.1.1}{\376\377\232\330\174\276\136\246\122\240\154\325}{subsection.1.1}% 3
\BOOKMARK [3][-]{subsubsection.1.1.2}{\376\377\232\330\174\276\136\246\121\317\154\325}{subsection.1.1}% 4
\BOOKMARK [3][-]{subsubsection.1.1.3}{\376\377\232\330\174\276\136\246\116\130\117\116\174\276\136\246}{subsection.1.1}% 5
\BOOKMARK [3][-]{subsubsection.1.1.4}{\376\377\232\330\174\276\136\246\116\130\232\330\174\276\136\246}{subsection.1.1}% 6
\BOOKMARK [3][-]{subsubsection.1.1.5}{\376\377\232\330\174\276\136\246\226\144\117\116\174\276\136\246}{subsection.1.1}% 7
\BOOKMARK [3][-]{subsubsection.1.1.6}{\376\377\134\001\210\305\116\072\174\173\000\040\000+\000\040\123\213\117\115\232\330\174\276\136\246}{subsection.1.1}% 8
\BOOKMARK [1][-]{section.2}{\376\377\144\034\175\042}{}% 9
\BOOKMARK [1][-]{section.3}{\376\377\145\160\133\146}{}% 10
\BOOKMARK [2][-]{subsection.3.1}{\376\377\145\160\213\272}{section.3}% 11
\BOOKMARK [3][-]{subsubsection.3.1.1}{\376\377\122\044\133\232\215\050\145\160}{subsection.3.1}% 12
\BOOKMARK [3][-]{subsubsection.3.1.2}{\376\377\127\303\154\017\173\133}{subsection.3.1}% 13
\BOOKMARK [3][-]{subsubsection.3.1.3}{\376\377\176\277\140\047\173\133}{subsection.3.1}% 14
\BOOKMARK [3][-]{subsubsection.3.1.4}{\376\377\122\006\211\343\215\050\126\340\145\160}{subsection.3.1}% 15
\BOOKMARK [3][-]{subsubsection.3.1.5}{\376\377\154\102\000\040\000n\000\040\166\204\153\143\176\246\145\160\226\306\124\010}{subsection.3.1}% 16
\BOOKMARK [3][-]{subsubsection.3.1.6}{\376\377\154\102\000\040\0001\000\040\000\040\000n\000\040\166\204\153\143\176\246\145\160\226\306\124\010}{subsection.3.1}% 17
\BOOKMARK [3][-]{subsubsection.3.1.7}{\376\377\153\047\121\340\221\314\137\227\173\227\154\325\154\102\000\040\000g\000c\000d}{subsection.3.1}% 18
\BOOKMARK [3][-]{subsubsection.3.1.8}{\376\377\000S\000t\000e\000i\000n\000\040\173\227\154\325\154\102\131\047\145\164\145\160\000\040\000g\000c\000d}{subsection.3.1}% 19
\BOOKMARK [3][-]{subsubsection.3.1.9}{\376\377\210\364\207\000\133\232\164\006}{subsection.3.1}% 20
\BOOKMARK [3][-]{subsubsection.3.1.10}{\376\377\142\151\134\125\153\047\121\340\221\314\137\227\173\227\154\325}{subsection.3.1}% 21
\BOOKMARK [3][-]{subsubsection.3.1.11}{\376\377\176\277\140\047\124\014\117\131\145\271\172\013}{subsection.3.1}% 22
\BOOKMARK [3][-]{subsubsection.3.1.12}{\376\377\116\130\154\325\220\006\121\103}{subsection.3.1}% 23
\BOOKMARK [3][-]{subsubsection.3.1.13}{\376\377\176\277\140\047\154\102\000\040\0001\000\040\000\040\000N\000\040\166\204\220\006\121\103}{subsection.3.1}% 24
\BOOKMARK [3][-]{subsubsection.3.1.14}{\376\377\153\047\142\311\121\375\145\160}{subsection.3.1}% 25
\BOOKMARK [3][-]{subsubsection.3.1.15}{\376\377\154\102\000\040\0002\000\040\000N\000\040\116\055\153\317\116\052\145\160\166\204\153\047\142\311\121\375\145\160}{subsection.3.1}% 26
\BOOKMARK [3][-]{subsubsection.3.1.16}{\376\377\153\047\142\311\133\232\164\006}{subsection.3.1}% 27
\BOOKMARK [3][-]{subsubsection.3.1.17}{\376\377\142\151\134\125\153\047\142\311\133\232\164\006}{subsection.3.1}% 28
\BOOKMARK [3][-]{subsubsection.3.1.18}{\376\377\116\055\126\375\122\151\117\131\133\232\164\006\154\102\211\343\176\277\140\047\124\014\117\131\145\271\172\013\176\304}{subsection.3.1}% 29
\BOOKMARK [3][-]{subsubsection.3.1.19}{\376\377\142\151\134\125\116\055\126\375\122\151\117\131\133\232\164\006}{subsection.3.1}% 30
\BOOKMARK [3][-]{subsubsection.3.1.20}{\376\377\232\330\153\041\124\014\117\131\145\271\172\013}{subsection.3.1}% 31
\BOOKMARK [3][-]{subsubsection.3.1.21}{\376\377\226\066\116\130\123\326\152\041\225\356\230\230}{subsection.3.1}% 32
\BOOKMARK [2][-]{subsection.3.2}{\376\377\176\277\140\047\116\343\145\160}{section.3}% 33
\BOOKMARK [3][-]{subsubsection.3.2.1}{\376\377\167\351\226\065\116\130\154\325}{subsection.3.2}% 34
\BOOKMARK [3][-]{subsubsection.3.2.2}{\376\377\232\330\145\257\155\210\121\103\154\325\154\102\211\343\176\277\140\047\145\271\172\013\176\304}{subsection.3.2}% 35
\BOOKMARK [3][-]{subsubsection.3.2.3}{\376\377\232\330\145\257\155\210\121\103\154\325\154\102\211\343\137\002\142\026\145\271\172\013\176\304}{subsection.3.2}% 36
\BOOKMARK [3][-]{subsubsection.3.2.4}{\376\377\176\277\140\047\127\372}{subsection.3.2}% 37
\BOOKMARK [2][-]{subsection.3.3}{\376\377\176\304\124\010\145\160\133\146}{section.3}% 38
\BOOKMARK [3][-]{subsubsection.3.3.1}{\376\377\176\304\124\010\145\160}{subsection.3.3}% 39
\BOOKMARK [3][-]{subsubsection.3.3.2}{\376\377\116\214\230\171\137\017\133\232\164\006}{subsection.3.3}% 40
\BOOKMARK [3][-]{subsubsection.3.3.3}{\376\377\131\032\221\315\226\306\166\204\143\222\122\027\145\160\116\016\176\304\124\010\145\160}{subsection.3.3}% 41
\BOOKMARK [3][-]{subsubsection.3.3.4}{\376\377\000L\000u\000c\000a\000s\000\040\133\232\164\006}{subsection.3.3}% 42
\BOOKMARK [3][-]{subsubsection.3.3.5}{\376\377\142\151\134\125\000\040\000L\000u\000c\000a\000s\000\040\133\232\164\006}{subsection.3.3}% 43
\BOOKMARK [3][-]{subsubsection.3.3.6}{\376\377\133\271\145\245\123\237\164\006}{subsection.3.3}% 44
\BOOKMARK [3][-]{subsubsection.3.3.7}{\376\377\000C\000a\000t\000a\000l\000a\000n\000\040\145\160}{subsection.3.3}% 45
